c:\users\franc\documents\studia\semestr 2\aisd\silnik_css\silnik_css\x64\debug\vc143.pdb
c:\users\franc\documents\studia\semestr 2\aisd\silnik_css\silnik_css\x64\debug\vc143.idb
c:\users\franc\documents\studia\semestr 2\aisd\silnik_css\silnik_css\x64\debug\main.obj
c:\users\franc\documents\studia\semestr 2\aisd\silnik_css\silnik_css\x64\debug\attribute.obj
c:\users\franc\documents\studia\semestr 2\aisd\silnik_css\silnik_css\x64\debug\string.obj
c:\users\franc\documents\studia\semestr 2\aisd\silnik_css\silnik_css\x64\debug\sectionlist.obj
c:\users\franc\desktop\silnik_css (nowa wersja)\silnik_css\x64\debug\vc143.pdb
c:\users\franc\desktop\silnik_css (nowa wersja)\silnik_css\x64\debug\vc143.idb
c:\users\franc\desktop\silnik_css (nowa wersja)\silnik_css\x64\debug\string.obj
c:\users\franc\desktop\silnik_css (nowa wersja)\silnik_css\x64\debug\sectionlist.obj
c:\users\franc\desktop\silnik_css (nowa wersja)\silnik_css\x64\debug\attribute.obj
c:\users\franc\desktop\silnik_css (nowa wersja)\silnik_css\x64\debug\main.obj
c:\users\franc\documents\studia\semestr 2\aisd\silnik_css\x64\debug\silnik_css.exe
c:\users\franc\documents\studia\semestr 2\aisd\silnik_css\silnik_css\x64\debug\silnik_css.ilk
c:\users\franc\documents\studia\semestr 2\aisd\silnik_css\x64\debug\silnik_css.pdb
c:\users\franc\desktop\silnik_css (nowa wersja)\x64\debug\silnik_css.exe
c:\users\franc\desktop\silnik_css (nowa wersja)\silnik_css\x64\debug\silnik_css.ilk
c:\users\franc\desktop\silnik_css (nowa wersja)\x64\debug\silnik_css.pdb
c:\users\franc\desktop\silnik_css (nowa wersja)\silnik_css\x64\debug\vector.obj
c:\users\franc\desktop\silnik_css (nowa wersja)\silnik_css\x64\debug\main.obj.enc
c:\users\franc\desktop\silnik_css (nowa wersja)\silnik_css\x64\debug\sectionlist.obj.enc
c:\users\franc\desktop\silnik_css (nowa wersja)\silnik_css\x64\debug\silnik_css.tlog\cl.command.1.tlog
c:\users\franc\desktop\silnik_css (nowa wersja)\silnik_css\x64\debug\silnik_css.tlog\cl.read.1.tlog
c:\users\franc\desktop\silnik_css (nowa wersja)\silnik_css\x64\debug\silnik_css.tlog\cl.write.1.tlog
c:\users\franc\desktop\silnik_css (nowa wersja)\silnik_css\x64\debug\silnik_css.tlog\link.command.1.tlog
c:\users\franc\desktop\silnik_css (nowa wersja)\silnik_css\x64\debug\silnik_css.tlog\link.read.1.tlog
c:\users\franc\desktop\silnik_css (nowa wersja)\silnik_css\x64\debug\silnik_css.tlog\link.write.1.tlog
